2022-05-19 11:53:55,279 [Worker-2: Loading available Gradle versions] INFO  o.e.b.c.i.u.g.PublishedGradleVersions - Gradle version information cache is up-to-date. Trying to read.
2022-05-19 11:54:23,803 [Worker-6: Importing Maven projects] INFO  o.e.m.c.i.l.LifecycleMappingFactory - Using org.eclipse.m2e.jdt.JarLifecycleMapping lifecycle mapping for MavenProject: br.com.feltex:feltex-bot-telegram:1.0-SNAPSHOT @ C:\aDevPrograms\Projetos\BOTteste\feltex-bot-telegram-main\feltex-bot-telegram-main\pom.xml.
2022-05-19 11:54:24,719 [Worker-6: Importing Maven projects] INFO  o.e.m.c.i.e.AbstractTransferListenerAdapter - Downloading https://repo.maven.apache.org/maven2/org/telegram/telegrambots/5.3.0/telegrambots-5.3.0.pom
2022-05-19 11:54:24,990 [Worker-6: Importing Maven projects] INFO  o.e.m.c.i.e.AbstractTransferListenerAdapter - Downloaded https://repo.maven.apache.org/maven2/org/telegram/telegrambots/5.3.0/telegrambots-5.3.0.pom
2022-05-19 11:54:25,160 [Worker-6: Importing Maven projects] INFO  o.e.m.c.i.e.AbstractTransferListenerAdapter - Downloading https://repo.maven.apache.org/maven2/org/telegram/Bots/5.3.0/Bots-5.3.0.pom
2022-05-19 11:54:25,381 [Worker-6: Importing Maven projects] INFO  o.e.m.c.i.e.AbstractTransferListenerAdapter - Downloaded https://repo.maven.apache.org/maven2/org/telegram/Bots/5.3.0/Bots-5.3.0.pom
2022-05-19 11:54:25,581 [Worker-6: Importing Maven projects] INFO  o.e.m.c.i.e.AbstractTransferListenerAdapter - Downloading https://repo.maven.apache.org/maven2/org/telegram/telegrambots-meta/5.3.0/telegrambots-meta-5.3.0.pom
2022-05-19 11:54:25,774 [Worker-6: Importing Maven projects] INFO  o.e.m.c.i.e.AbstractTransferListenerAdapter - Downloaded https://repo.maven.apache.org/maven2/org/telegram/telegrambots-meta/5.3.0/telegrambots-meta-5.3.0.pom
2022-05-19 11:54:27,044 [AetherRepositoryConnector-repo.maven.apache.org-0-0] INFO  o.e.m.c.i.e.AbstractTransferListenerAdapter - Downloading https://repo.maven.apache.org/maven2/org/telegram/telegrambots/5.3.0/telegrambots-5.3.0.jar
2022-05-19 11:54:27,218 [AetherRepositoryConnector-repo.maven.apache.org-0-1] INFO  o.e.m.c.i.e.AbstractTransferListenerAdapter - Downloading https://repo.maven.apache.org/maven2/org/telegram/telegrambots-meta/5.3.0/telegrambots-meta-5.3.0.jar
2022-05-19 11:54:27,511 [AetherRepositoryConnector-repo.maven.apache.org-0-0] INFO  o.e.m.c.i.e.AbstractTransferListenerAdapter - Downloaded https://repo.maven.apache.org/maven2/org/telegram/telegrambots/5.3.0/telegrambots-5.3.0.jar
2022-05-19 11:54:27,863 [AetherRepositoryConnector-repo.maven.apache.org-0-1] INFO  o.e.m.c.i.e.AbstractTransferListenerAdapter - Downloaded https://repo.maven.apache.org/maven2/org/telegram/telegrambots-meta/5.3.0/telegrambots-meta-5.3.0.jar
2022-05-19 11:54:28,354 [Worker-6: Importing Maven projects] INFO  o.e.m.j.i.AbstractJavaProjectConfigurator - Adding source folder /feltex-bot-telegram-main/src/main/java
2022-05-19 11:54:28,355 [Worker-6: Importing Maven projects] INFO  o.e.m.j.i.AbstractJavaProjectConfigurator - Adding source folder /feltex-bot-telegram-main/src/test/java
2022-05-19 11:54:30,338 [Worker-14: Download sources and javadoc] INFO  o.e.m.c.i.e.AbstractTransferListenerAdapter - Downloading https://repo.maven.apache.org/maven2/org/telegram/telegrambots/5.3.0/telegrambots-5.3.0-sources.jar
2022-05-19 11:54:30,615 [Worker-14: Download sources and javadoc] INFO  o.e.m.c.i.e.AbstractTransferListenerAdapter - Downloaded https://repo.maven.apache.org/maven2/org/telegram/telegrambots/5.3.0/telegrambots-5.3.0-sources.jar
2022-05-19 11:54:30,618 [Worker-14: Download sources and javadoc] INFO  o.e.m.j.internal.DownloadSourcesJob - Downloaded sources for org.telegram:telegrambots:5.3.0
2022-05-19 11:54:31,099 [Worker-6: Importing Maven projects] INFO  o.e.m.c.i.p.ProjectConfigurationManager - Imported and configured 1 project(s) in 8 sec
2022-05-19 11:54:31,186 [Worker-14: Download sources and javadoc] INFO  o.e.m.c.i.e.AbstractTransferListenerAdapter - Downloading https://repo.maven.apache.org/maven2/org/telegram/telegrambots-meta/5.3.0/telegrambots-meta-5.3.0-sources.jar
2022-05-19 11:54:31,768 [Worker-14: Download sources and javadoc] INFO  o.e.m.c.i.e.AbstractTransferListenerAdapter - Downloaded https://repo.maven.apache.org/maven2/org/telegram/telegrambots-meta/5.3.0/telegrambots-meta-5.3.0-sources.jar
2022-05-19 11:54:31,775 [Worker-14: Download sources and javadoc] INFO  o.e.m.j.internal.DownloadSourcesJob - Downloaded sources for org.telegram:telegrambots-meta:5.3.0
2022-05-19 11:54:32,269 [Worker-15: Building] WARN  o.e.m.c.i.embedder.EclipseLogger - Using platform encoding (Cp1252 actually) to copy filtered resources, i.e. build is platform dependent!
2022-05-19 11:54:32,271 [Worker-15: Building] INFO  o.e.m.c.i.embedder.EclipseLogger - skip non existing resourceDirectory C:\aDevPrograms\Projetos\BOTteste\feltex-bot-telegram-main\feltex-bot-telegram-main\src\main\resources
2022-05-19 11:54:32,274 [Worker-15: Building] WARN  o.e.m.c.i.embedder.EclipseLogger - Using platform encoding (Cp1252 actually) to copy filtered resources, i.e. build is platform dependent!
2022-05-19 11:54:32,275 [Worker-15: Building] INFO  o.e.m.c.i.embedder.EclipseLogger - skip non existing resourceDirectory C:\aDevPrograms\Projetos\BOTteste\feltex-bot-telegram-main\feltex-bot-telegram-main\src\test\resources
2022-05-19 11:54:32,295 [Worker-14: Download sources and javadoc] INFO  o.e.m.c.i.e.AbstractTransferListenerAdapter - Downloaded https://repo.maven.apache.org/maven2/com/google/guava/listenablefuture/9999.0-empty-to-avoid-conflict-with-guava/listenablefuture-9999.0-empty-to-avoid-conflict-with-guava-javadoc.jar
2022-05-19 11:54:32,303 [Worker-14: Download sources and javadoc] ERROR o.e.m.j.internal.DownloadSourcesJob - Could not download javadoc for com.google.guava:listenablefuture:9999.0-empty-to-avoid-conflict-with-guava
org.eclipse.core.runtime.CoreException: Could not resolve artifact com.google.guava:listenablefuture:jar:javadoc:9999.0-empty-to-avoid-conflict-with-guava
	at org.eclipse.m2e.core.internal.embedder.MavenImpl.lambda$4(MavenImpl.java:828)
	at org.eclipse.m2e.core.internal.embedder.MavenExecutionContext.executeBare(MavenExecutionContext.java:182)
	at org.eclipse.m2e.core.internal.embedder.MavenExecutionContext.execute(MavenExecutionContext.java:117)
	at org.eclipse.m2e.core.internal.embedder.MavenExecutionContext.execute(MavenExecutionContext.java:103)
	at org.eclipse.m2e.core.internal.embedder.MavenImpl.resolve(MavenImpl.java:796)
	at org.eclipse.m2e.core.internal.embedder.MavenImpl.resolve(MavenImpl.java:773)
	at org.eclipse.m2e.jdt.internal.DownloadSourcesJob.download(DownloadSourcesJob.java:311)
	at org.eclipse.m2e.jdt.internal.DownloadSourcesJob.downloadAttachments(DownloadSourcesJob.java:297)
	at org.eclipse.m2e.jdt.internal.DownloadSourcesJob.downloadMaven(DownloadSourcesJob.java:255)
	at org.eclipse.m2e.jdt.internal.DownloadSourcesJob.downloadFilesAndPopulateToUpdate(DownloadSourcesJob.java:223)
	at org.eclipse.m2e.jdt.internal.DownloadSourcesJob.lambda$0(DownloadSourcesJob.java:152)
	at org.eclipse.m2e.core.internal.embedder.MavenExecutionContext.executeBare(MavenExecutionContext.java:182)
	at org.eclipse.m2e.core.internal.embedder.MavenExecutionContext.execute(MavenExecutionContext.java:156)
	at org.eclipse.m2e.core.internal.embedder.MavenExecutionContext.execute(MavenExecutionContext.java:103)
	at org.eclipse.m2e.core.internal.embedder.MavenImpl.execute(MavenImpl.java:1416)
	at org.eclipse.m2e.jdt.internal.DownloadSourcesJob.run(DownloadSourcesJob.java:152)
	at org.eclipse.core.internal.jobs.Worker.run(Worker.java:63)
2022-05-19 11:54:33,327 [Worker-3: Building] WARN  o.e.m.c.i.embedder.EclipseLogger - Using platform encoding (Cp1252 actually) to copy filtered resources, i.e. build is platform dependent!
2022-05-19 11:54:33,328 [Worker-3: Building] INFO  o.e.m.c.i.embedder.EclipseLogger - skip non existing resourceDirectory C:\aDevPrograms\Projetos\BOTteste\feltex-bot-telegram-main\feltex-bot-telegram-main\src\main\resources
2022-05-19 11:54:33,329 [Worker-3: Building] WARN  o.e.m.c.i.embedder.EclipseLogger - Using platform encoding (Cp1252 actually) to copy filtered resources, i.e. build is platform dependent!
2022-05-19 11:54:33,330 [Worker-3: Building] INFO  o.e.m.c.i.embedder.EclipseLogger - skip non existing resourceDirectory C:\aDevPrograms\Projetos\BOTteste\feltex-bot-telegram-main\feltex-bot-telegram-main\src\test\resources
2022-05-19 11:54:53,465 [Worker-15: Building] WARN  o.e.m.c.i.embedder.EclipseLogger - Using platform encoding (Cp1252 actually) to copy filtered resources, i.e. build is platform dependent!
2022-05-19 11:54:53,467 [Worker-15: Building] INFO  o.e.m.c.i.embedder.EclipseLogger - skip non existing resourceDirectory C:\aDevPrograms\Projetos\BOTteste\feltex-bot-telegram-main\feltex-bot-telegram-main\src\main\resources
2022-05-19 11:54:53,468 [Worker-15: Building] WARN  o.e.m.c.i.embedder.EclipseLogger - Using platform encoding (Cp1252 actually) to copy filtered resources, i.e. build is platform dependent!
2022-05-19 11:54:53,469 [Worker-15: Building] INFO  o.e.m.c.i.embedder.EclipseLogger - skip non existing resourceDirectory C:\aDevPrograms\Projetos\BOTteste\feltex-bot-telegram-main\feltex-bot-telegram-main\src\test\resources
2022-05-19 11:56:48,588 [Worker-14: Building] WARN  o.e.m.c.i.embedder.EclipseLogger - Using platform encoding (Cp1252 actually) to copy filtered resources, i.e. build is platform dependent!
2022-05-19 11:56:48,589 [Worker-14: Building] INFO  o.e.m.c.i.embedder.EclipseLogger - skip non existing resourceDirectory C:\aDevPrograms\Projetos\BOTteste\feltex-bot-telegram-main\feltex-bot-telegram-main\src\main\resources
2022-05-19 11:56:48,591 [Worker-14: Building] WARN  o.e.m.c.i.embedder.EclipseLogger - Using platform encoding (Cp1252 actually) to copy filtered resources, i.e. build is platform dependent!
2022-05-19 11:56:48,593 [Worker-14: Building] INFO  o.e.m.c.i.embedder.EclipseLogger - skip non existing resourceDirectory C:\aDevPrograms\Projetos\BOTteste\feltex-bot-telegram-main\feltex-bot-telegram-main\src\test\resources
2022-05-19 12:03:44,022 [Worker-22: Building] WARN  o.e.m.c.i.embedder.EclipseLogger - Using platform encoding (Cp1252 actually) to copy filtered resources, i.e. build is platform dependent!
2022-05-19 12:03:44,024 [Worker-22: Building] INFO  o.e.m.c.i.embedder.EclipseLogger - skip non existing resourceDirectory C:\aDevPrograms\Projetos\BOTteste\feltex-bot-telegram-main\feltex-bot-telegram-main\src\main\resources
2022-05-19 12:03:44,026 [Worker-22: Building] WARN  o.e.m.c.i.embedder.EclipseLogger - Using platform encoding (Cp1252 actually) to copy filtered resources, i.e. build is platform dependent!
2022-05-19 12:03:44,028 [Worker-22: Building] INFO  o.e.m.c.i.embedder.EclipseLogger - skip non existing resourceDirectory C:\aDevPrograms\Projetos\BOTteste\feltex-bot-telegram-main\feltex-bot-telegram-main\src\test\resources
2022-05-19 12:05:28,427 [Worker-23: Building] WARN  o.e.m.c.i.embedder.EclipseLogger - Using platform encoding (Cp1252 actually) to copy filtered resources, i.e. build is platform dependent!
2022-05-19 12:05:28,429 [Worker-23: Building] INFO  o.e.m.c.i.embedder.EclipseLogger - skip non existing resourceDirectory C:\aDevPrograms\Projetos\BOTteste\feltex-bot-telegram-main\feltex-bot-telegram-main\src\main\resources
2022-05-19 12:05:28,431 [Worker-23: Building] WARN  o.e.m.c.i.embedder.EclipseLogger - Using platform encoding (Cp1252 actually) to copy filtered resources, i.e. build is platform dependent!
2022-05-19 12:05:28,432 [Worker-23: Building] INFO  o.e.m.c.i.embedder.EclipseLogger - skip non existing resourceDirectory C:\aDevPrograms\Projetos\BOTteste\feltex-bot-telegram-main\feltex-bot-telegram-main\src\test\resources
2022-05-19 12:06:18,126 [Worker-23: Building] WARN  o.e.m.c.i.embedder.EclipseLogger - Using platform encoding (Cp1252 actually) to copy filtered resources, i.e. build is platform dependent!
2022-05-19 12:06:18,127 [Worker-23: Building] INFO  o.e.m.c.i.embedder.EclipseLogger - skip non existing resourceDirectory C:\aDevPrograms\Projetos\BOTteste\feltex-bot-telegram-main\feltex-bot-telegram-main\src\main\resources
2022-05-19 12:06:18,128 [Worker-23: Building] WARN  o.e.m.c.i.embedder.EclipseLogger - Using platform encoding (Cp1252 actually) to copy filtered resources, i.e. build is platform dependent!
2022-05-19 12:06:18,129 [Worker-23: Building] INFO  o.e.m.c.i.embedder.EclipseLogger - skip non existing resourceDirectory C:\aDevPrograms\Projetos\BOTteste\feltex-bot-telegram-main\feltex-bot-telegram-main\src\test\resources
2022-05-19 12:53:43,775 [Worker-29: Building] WARN  o.e.m.c.i.embedder.EclipseLogger - Using platform encoding (Cp1252 actually) to copy filtered resources, i.e. build is platform dependent!
2022-05-19 12:53:43,777 [Worker-29: Building] INFO  o.e.m.c.i.embedder.EclipseLogger - skip non existing resourceDirectory C:\aDevPrograms\Projetos\BOTteste\feltex-bot-telegram-main\feltex-bot-telegram-main\src\main\resources
2022-05-19 12:53:43,781 [Worker-29: Building] WARN  o.e.m.c.i.embedder.EclipseLogger - Using platform encoding (Cp1252 actually) to copy filtered resources, i.e. build is platform dependent!
2022-05-19 12:53:43,782 [Worker-29: Building] INFO  o.e.m.c.i.embedder.EclipseLogger - skip non existing resourceDirectory C:\aDevPrograms\Projetos\BOTteste\feltex-bot-telegram-main\feltex-bot-telegram-main\src\test\resources
2022-05-19 12:54:05,847 [Worker-29: Building] WARN  o.e.m.c.i.embedder.EclipseLogger - Using platform encoding (Cp1252 actually) to copy filtered resources, i.e. build is platform dependent!
2022-05-19 12:54:05,848 [Worker-29: Building] INFO  o.e.m.c.i.embedder.EclipseLogger - skip non existing resourceDirectory C:\aDevPrograms\Projetos\BOTteste\feltex-bot-telegram-main\feltex-bot-telegram-main\src\main\resources
2022-05-19 12:54:05,850 [Worker-29: Building] WARN  o.e.m.c.i.embedder.EclipseLogger - Using platform encoding (Cp1252 actually) to copy filtered resources, i.e. build is platform dependent!
2022-05-19 12:54:05,851 [Worker-29: Building] INFO  o.e.m.c.i.embedder.EclipseLogger - skip non existing resourceDirectory C:\aDevPrograms\Projetos\BOTteste\feltex-bot-telegram-main\feltex-bot-telegram-main\src\test\resources
